<?xml version="1.0" encoding="UTF-8"?>
<testng-results skipped="0" failed="0" ignored="0" total="1" passed="1">
  <reporter-output>
  </reporter-output>
  <suite name="Command line suite" duration-ms="439963" started-at="2020-10-10T01:04:04 IST" finished-at="2020-10-10T01:11:24 IST">
    <groups>
    </groups>
    <test name="Command line test" duration-ms="439963" started-at="2020-10-10T01:04:04 IST" finished-at="2020-10-10T01:11:24 IST">
      <class name="com.star.suites.Regression">
        <test-method status="PASS" signature="beforeSuite()[pri:0, instance:com.star.suites.Regression@1304f9d]" name="beforeSuite" is-config="true" duration-ms="15349" started-at="2020-10-10T01:03:49 IST" finished-at="2020-10-10T01:04:04 IST">
          <reporter-output>
          </reporter-output>
        </test-method> <!-- beforeSuite -->
        <test-method status="PASS" signature="beforeTest()[pri:0, instance:com.star.suites.Regression@1304f9d]" name="beforeTest" is-config="true" duration-ms="0" started-at="2020-10-10T01:04:04 IST" finished-at="2020-10-10T01:04:04 IST">
          <reporter-output>
          </reporter-output>
        </test-method> <!-- beforeTest -->
        <test-method status="PASS" signature="run()[pri:0, instance:com.star.suites.Regression@1304f9d]" name="run" duration-ms="439880" started-at="2020-10-10T01:04:04 IST" finished-at="2020-10-10T01:11:24 IST">
          <reporter-output>
          </reporter-output>
        </test-method> <!-- run -->
        <test-method status="PASS" signature="afterTest()[pri:0, instance:com.star.suites.Regression@1304f9d]" name="afterTest" is-config="true" duration-ms="0" started-at="2020-10-10T01:11:24 IST" finished-at="2020-10-10T01:11:24 IST">
          <reporter-output>
          </reporter-output>
        </test-method> <!-- afterTest -->
        <test-method status="PASS" signature="afterSuite()[pri:0, instance:com.star.suites.Regression@1304f9d]" name="afterSuite" is-config="true" duration-ms="3154" started-at="2020-10-10T01:11:24 IST" finished-at="2020-10-10T01:11:27 IST">
          <reporter-output>
          </reporter-output>
        </test-method> <!-- afterSuite -->
      </class> <!-- com.star.suites.Regression -->
    </test> <!-- Command line test -->
  </suite> <!-- Command line suite -->
</testng-results>
