<?xml version="1.0" encoding="UTF-8"?>
<testng-results skipped="0" failed="0" ignored="0" total="0" passed="0">
  <reporter-output>
  </reporter-output>
  <suite name="selenium.framework.AppTest" duration-ms="13" started-at="2020-01-02T17:28:55Z" finished-at="2020-01-02T17:28:55Z">
    <groups>
    </groups>
    <test name="Command line test" duration-ms="13" started-at="2020-01-02T17:28:55Z" finished-at="2020-01-02T17:28:55Z">
    </test> <!-- Command line test -->
  </suite> <!-- selenium.framework.AppTest -->
</testng-results>
