<?xml version="1.0" encoding="UTF-8"?>
<testng-results skipped="0" failed="0" ignored="0" total="1" passed="1">
  <reporter-output>
  </reporter-output>
  <suite name="Command line suite" duration-ms="493" started-at="2020-01-11T04:42:13Z" finished-at="2020-01-11T04:42:14Z">
    <groups>
    </groups>
    <test name="Command line test" duration-ms="493" started-at="2020-01-11T04:42:13Z" finished-at="2020-01-11T04:42:14Z">
      <class name="tests.Regression">
        <test-method status="PASS" signature="beforeSuite()[pri:0, instance:tests.Regression@3d9750]" name="beforeSuite" is-config="true" duration-ms="4543" started-at="2020-01-11T04:42:09Z" finished-at="2020-01-11T04:42:13Z">
          <reporter-output>
          </reporter-output>
        </test-method> <!-- beforeSuite -->
        <test-method status="PASS" signature="beforeTest()[pri:0, instance:tests.Regression@3d9750]" name="beforeTest" is-config="true" duration-ms="1" started-at="2020-01-11T04:42:13Z" finished-at="2020-01-11T04:42:13Z">
          <reporter-output>
          </reporter-output>
        </test-method> <!-- beforeTest -->
        <test-method status="PASS" signature="run()[pri:0, instance:tests.Regression@3d9750]" name="run" duration-ms="385" started-at="2020-01-11T04:42:13Z" finished-at="2020-01-11T04:42:14Z">
          <reporter-output>
          </reporter-output>
        </test-method> <!-- run -->
        <test-method status="PASS" signature="afterTest()[pri:0, instance:tests.Regression@3d9750]" name="afterTest" is-config="true" duration-ms="1" started-at="2020-01-11T04:42:14Z" finished-at="2020-01-11T04:42:14Z">
          <reporter-output>
          </reporter-output>
        </test-method> <!-- afterTest -->
        <test-method status="FAIL" signature="afterSuite()[pri:0, instance:tests.Regression@3d9750]" name="afterSuite" is-config="true" duration-ms="0" started-at="2020-01-11T04:42:14Z" finished-at="2020-01-11T04:42:14Z">
          <exception class="java.lang.NullPointerException">
            <full-stacktrace>
              <![CDATA[java.lang.NullPointerException
at selenium.framework.WebActions.closeBrowsers(WebActions.java:56)
at tests.Regression.afterSuite(Regression.java:38)
at sun.reflect.NativeMethodAccessorImpl.invoke0(Native Method)
at sun.reflect.NativeMethodAccessorImpl.invoke(NativeMethodAccessorImpl.java:62)
at sun.reflect.DelegatingMethodAccessorImpl.invoke(DelegatingMethodAccessorImpl.java:43)
at java.lang.reflect.Method.invoke(Method.java:498)
at org.testng.internal.MethodInvocationHelper.invokeMethod(MethodInvocationHelper.java:124)
at org.testng.internal.MethodInvocationHelper.invokeMethodConsideringTimeout(MethodInvocationHelper.java:59)
at org.testng.internal.Invoker.invokeConfigurationMethod(Invoker.java:458)
at org.testng.internal.Invoker.invokeConfigurations(Invoker.java:222)
at org.testng.internal.Invoker.invokeConfigurations(Invoker.java:142)
at org.testng.SuiteRunner.privateRun(SuiteRunner.java:425)
at org.testng.SuiteRunner.run(SuiteRunner.java:364)
at org.testng.SuiteRunnerWorker.runSuite(SuiteRunnerWorker.java:52)
at org.testng.SuiteRunnerWorker.run(SuiteRunnerWorker.java:84)
at org.testng.TestNG.runSuitesSequentially(TestNG.java:1208)
at org.testng.TestNG.runSuitesLocally(TestNG.java:1137)
at org.testng.TestNG.runSuites(TestNG.java:1049)
at org.testng.TestNG.run(TestNG.java:1017)
at tests.Runner.main(Runner.java:28)
at selenium.framework.App.main(App.java:14)
]]>
            </full-stacktrace>
          </exception> <!-- java.lang.NullPointerException -->
          <reporter-output>
          </reporter-output>
        </test-method> <!-- afterSuite -->
      </class> <!-- tests.Regression -->
    </test> <!-- Command line test -->
  </suite> <!-- Command line suite -->
</testng-results>
